<?xml version="1.0" encoding="UTF-8"?>
<!-- Generated by org.testng.reporters.JUnitXMLReporter -->
<testsuite ignored="0" hostname="DESKTOP-RKFKFHD" failures="0" tests="5" name="Default test" time="25.648" errors="0" timestamp="2022-02-09T20:57:07 EET">
  <testcase classname="amazon.com.Project.selectProduct" name="searchforelement" time="5.008"/>
  <testcase classname="amazon.com.Project.selectProduct" name="selectElement" time="5.511"/>
  <testcase classname="amazon.com.Project.selectProduct" name="addtocart" time="0.311"/>
  <testcase classname="amazon.com.Project.selectProduct" name="opencart" time="7.07"/>
  <testcase classname="amazon.com.Project.selectProduct" name="deleteitem" time="1.342"/>
</testsuite> <!-- Default test -->
